Running on device: cuda
Testing on parietal
Found 2240 trials
Selecting 57 of 128
#############################################################
  ShallowConvNet - parietal w/o CP5                  
  Test Acc.:  0.8214285714285714                      
#############################################################
Found 2240 trials
Selecting 57 of 128
#############################################################
  ShallowConvNet - parietal w/o CP1                  
  Test Acc.:  0.7647321428571429                      
#############################################################
Found 2240 trials
Selecting 57 of 128
#############################################################
  ShallowConvNet - parietal w/o CP2                  
  Test Acc.:  0.6508928571428572                      
#############################################################
Found 2240 trials
Selecting 57 of 128
#############################################################
  ShallowConvNet - parietal w/o CP6                  
  Test Acc.:  0.80625                      
#############################################################
Found 2240 trials
Selecting 57 of 128
#############################################################
  ShallowConvNet - parietal w/o P7                  
  Test Acc.:  0.8026785714285715                      
#############################################################
Found 2240 trials
Selecting 57 of 128
#############################################################
  ShallowConvNet - parietal w/o P3                  
  Test Acc.:  0.8075892857142857                      
#############################################################
Found 2240 trials
Selecting 57 of 128
#############################################################
  ShallowConvNet - parietal w/o Pz                  
  Test Acc.:  0.7241071428571428                      
#############################################################
Found 2240 trials
Selecting 57 of 128
#############################################################
  ShallowConvNet - parietal w/o P4                  
  Test Acc.:  0.8098214285714286                      
#############################################################
Found 2240 trials
Selecting 57 of 128
#############################################################
  ShallowConvNet - parietal w/o P8                  
  Test Acc.:  0.8049107142857143                      
#############################################################
Found 2240 trials
Selecting 57 of 128
#############################################################
  ShallowConvNet - parietal w/o POz                  
  Test Acc.:  0.7816964285714286                      
#############################################################
Found 2240 trials
Selecting 57 of 128
#############################################################
  ShallowConvNet - parietal w/o CP3                  
  Test Acc.:  0.7316964285714286                      
#############################################################
Found 2240 trials
Selecting 57 of 128
#############################################################
  ShallowConvNet - parietal w/o CPz                  
  Test Acc.:  0.6888392857142858                      
#############################################################
Found 2240 trials
Selecting 57 of 128
#############################################################
  ShallowConvNet - parietal w/o CP4                  
  Test Acc.:  0.8013392857142857                      
#############################################################
Found 2240 trials
Selecting 57 of 128
#############################################################
  ShallowConvNet - parietal w/o P5                  
  Test Acc.:  0.8169642857142857                      
#############################################################
Found 2240 trials
Selecting 57 of 128
#############################################################
  ShallowConvNet - parietal w/o P1                  
  Test Acc.:  0.7464285714285714                      
#############################################################
Found 2240 trials
Selecting 57 of 128
#############################################################
  ShallowConvNet - parietal w/o P2                  
  Test Acc.:  0.7861607142857143                      
#############################################################
Found 2240 trials
Selecting 57 of 128
#############################################################
  ShallowConvNet - parietal w/o P6                  
  Test Acc.:  0.80625                      
#############################################################
Found 2240 trials
Selecting 57 of 128
#############################################################
  ShallowConvNet - parietal w/o PO5                  
  Test Acc.:  0.8125                      
#############################################################
Found 2240 trials
Selecting 57 of 128
#############################################################
  ShallowConvNet - parietal w/o PO3                  
  Test Acc.:  0.7986607142857143                      
#############################################################
Found 2240 trials
Selecting 57 of 128
#############################################################
  ShallowConvNet - parietal w/o PO4                  
  Test Acc.:  0.8084821428571428                      
#############################################################
Found 2240 trials
Selecting 57 of 128
#############################################################
  ShallowConvNet - parietal w/o PO6                  
  Test Acc.:  0.8049107142857143                      
#############################################################
Found 2240 trials
Selecting 57 of 128
#############################################################
  ShallowConvNet - parietal w/o TP7                  
  Test Acc.:  0.8089285714285714                      
#############################################################
Found 2240 trials
Selecting 57 of 128
#############################################################
  ShallowConvNet - parietal w/o TP8                  
  Test Acc.:  0.8214285714285714                      
#############################################################
Found 2240 trials
Selecting 57 of 128
#############################################################
  ShallowConvNet - parietal w/o PO7                  
  Test Acc.:  0.8049107142857143                      
#############################################################
Found 2240 trials
Selecting 57 of 128
#############################################################
  ShallowConvNet - parietal w/o PO8                  
  Test Acc.:  0.7977678571428571                      
#############################################################
Found 2240 trials
Selecting 57 of 128
#############################################################
  ShallowConvNet - parietal w/o TPP9h                  
  Test Acc.:  0.8151785714285714                      
#############################################################
Found 2240 trials
Selecting 57 of 128
#############################################################
  ShallowConvNet - parietal w/o TPP10h                  
  Test Acc.:  0.8196428571428571                      
#############################################################
Found 2240 trials
Selecting 57 of 128
#############################################################
  ShallowConvNet - parietal w/o PO9                  
  Test Acc.:  0.8125                      
#############################################################
Found 2240 trials
Selecting 57 of 128
#############################################################
  ShallowConvNet - parietal w/o PO10                  
  Test Acc.:  0.8138392857142858                      
#############################################################
Found 2240 trials
Selecting 57 of 128
#############################################################
  ShallowConvNet - parietal w/o P9                  
  Test Acc.:  0.8116071428571429                      
#############################################################
Found 2240 trials
Selecting 57 of 128
#############################################################
  ShallowConvNet - parietal w/o P10                  
  Test Acc.:  0.8165178571428572                      
#############################################################
Found 2240 trials
Selecting 57 of 128
#############################################################
  ShallowConvNet - parietal w/o CCP5h                  
  Test Acc.:  0.7973214285714286                      
#############################################################
Found 2240 trials
Selecting 57 of 128
#############################################################
  ShallowConvNet - parietal w/o CCP3h                  
  Test Acc.:  0.6589285714285714                      
#############################################################
Found 2240 trials
Selecting 57 of 128
#############################################################
  ShallowConvNet - parietal w/o CCP4h                  
  Test Acc.:  0.6160714285714286                      
#############################################################
Found 2240 trials
Selecting 57 of 128
#############################################################
  ShallowConvNet - parietal w/o CCP6h                  
  Test Acc.:  0.7875                      
#############################################################
Found 2240 trials
Selecting 57 of 128
#############################################################
  ShallowConvNet - parietal w/o CPP5h                  
  Test Acc.:  0.7861607142857143                      
#############################################################
Found 2240 trials
Selecting 57 of 128
#############################################################
  ShallowConvNet - parietal w/o CPP3h                  
  Test Acc.:  0.7441964285714285                      
#############################################################
Found 2240 trials
Selecting 57 of 128
#############################################################
  ShallowConvNet - parietal w/o CPP4h                  
  Test Acc.:  0.7803571428571429                      
#############################################################
Found 2240 trials
Selecting 57 of 128
#############################################################
  ShallowConvNet - parietal w/o CPP6h                  
  Test Acc.:  0.8084821428571428                      
#############################################################
Found 2240 trials
Selecting 57 of 128
#############################################################
  ShallowConvNet - parietal w/o PPO1                  
  Test Acc.:  0.7924107142857143                      
#############################################################
Found 2240 trials
Selecting 57 of 128
#############################################################
  ShallowConvNet - parietal w/o PPO2                  
  Test Acc.:  0.7946428571428571                      
#############################################################
Found 2240 trials
Selecting 57 of 128
#############################################################
  ShallowConvNet - parietal w/o TTP7h                  
  Test Acc.:  0.8058035714285714                      
#############################################################
Found 2240 trials
Selecting 57 of 128
#############################################################
  ShallowConvNet - parietal w/o CCP1h                  
  Test Acc.:  0.6678571428571428                      
#############################################################
Found 2240 trials
Selecting 57 of 128
#############################################################
  ShallowConvNet - parietal w/o CCP2h                  
  Test Acc.:  0.6553571428571429                      
#############################################################
Found 2240 trials
Selecting 57 of 128
#############################################################
  ShallowConvNet - parietal w/o TTP8h                  
  Test Acc.:  0.8022321428571428                      
#############################################################
Found 2240 trials
Selecting 57 of 128
#############################################################
  ShallowConvNet - parietal w/o TPP7h                  
  Test Acc.:  0.8111607142857142                      
#############################################################
Found 2240 trials
Selecting 57 of 128
#############################################################
  ShallowConvNet - parietal w/o CPP1h                  
  Test Acc.:  0.7169642857142857                      
#############################################################
Found 2240 trials
Selecting 57 of 128
#############################################################
  ShallowConvNet - parietal w/o CPP2h                  
  Test Acc.:  0.7883928571428571                      
#############################################################
Found 2240 trials
Selecting 57 of 128
#############################################################
  ShallowConvNet - parietal w/o TPP8h                  
  Test Acc.:  0.7964285714285714                      
#############################################################
Found 2240 trials
Selecting 57 of 128
#############################################################
  ShallowConvNet - parietal w/o PPO9h                  
  Test Acc.:  0.8142857142857143                      
#############################################################
Found 2240 trials
Selecting 57 of 128
#############################################################
  ShallowConvNet - parietal w/o PPO5h                  
  Test Acc.:  0.803125                      
#############################################################
Found 2240 trials
Selecting 57 of 128
#############################################################
  ShallowConvNet - parietal w/o PPO6h                  
  Test Acc.:  0.8026785714285715                      
#############################################################
Found 2240 trials
Selecting 57 of 128
#############################################################
  ShallowConvNet - parietal w/o PPO10h                  
  Test Acc.:  0.8098214285714286                      
#############################################################
Found 2240 trials
Selecting 57 of 128
#############################################################
  ShallowConvNet - parietal w/o POO9h                  
  Test Acc.:  0.8142857142857143                      
#############################################################
Found 2240 trials
Selecting 57 of 128
#############################################################
  ShallowConvNet - parietal w/o POO3h                  
  Test Acc.:  0.8107142857142857                      
#############################################################
Found 2240 trials
Selecting 57 of 128
#############################################################
  ShallowConvNet - parietal w/o POO4h                  
  Test Acc.:  0.8035714285714286                      
#############################################################
Found 2240 trials
Selecting 57 of 128
#############################################################
  ShallowConvNet - parietal w/o POO10h                  
  Test Acc.:  0.8151785714285714                      
#############################################################
Rank 1: CCP4h - 0.6160714285714286
Rank 2: CP2 - 0.6508928571428572
Rank 3: CCP2h - 0.6553571428571429
Rank 4: CCP3h - 0.6589285714285714
Rank 5: CCP1h - 0.6678571428571428
