Running on device: cuda
['CCP4h', 'CCP3h', 'CP2', 'CCP2h', 'CCP1h', 'CP3', 'Pz', 'CPz', 'CPP1h', 'CPP3h', 'CP1', 'P1', 'P2', 'CCP6h', 'CPP4h']
Running on device: cuda
Testing on parietal_reduced
Model: ShallowConvNet
Found 2240 trials
Selecting 15 of 128
===================================================================================================================
Layer (type:depth-idx)                   Input Shape               Output Shape              Param #
===================================================================================================================
ShallowConvNet                           [1, 1, 1126, 15]          [1, 4]                    --
├─Sequential: 1-1                        [1, 1, 1126, 15]          [1, 4]                    --
│    └─Conv2d: 2-1                       [1, 1, 1126, 15]          [1, 60, 1102, 15]         1,560
│    └─Conv2d: 2-2                       [1, 60, 1102, 15]         [1, 60, 1102, 1]          54,060
│    └─BatchNorm2d: 2-3                  [1, 60, 1102, 1]          [1, 60, 1102, 1]          120
│    └─Square: 2-4                       [1, 60, 1102, 1]          [1, 60, 1102, 1]          --
│    └─AvgPool2d: 2-5                    [1, 60, 1102, 1]          [1, 60, 69, 1]            --
│    └─Log: 2-6                          [1, 60, 69, 1]            [1, 60, 69, 1]            --
│    └─Flatten: 2-7                      [1, 60, 69, 1]            [1, 4140]                 --
│    └─Linear: 2-8                       [1, 4140]                 [1, 4]                    16,564
===================================================================================================================
Total params: 72,304
Trainable params: 72,304
Non-trainable params: 0
Total mult-adds (M): 85.38
===================================================================================================================
Input size (MB): 0.07
Forward/backward pass size (MB): 8.99
Params size (MB): 0.29
Estimated Total Size (MB): 9.35
===================================================================================================================
Model found at /WAVE/users/unix/smadsen/Desktop/bci_final/models/to_test/shallow/parietal_reduced_5e-05_(0.9, 0.95)_0.01_0.89195_150
#############################################################
# ShallowConvNet - parietal_reduced                   
# Test Acc.:  0.7816964285714286                      
#############################################################
